[main] INFO  in.codegram.jdbcPractice.InsertOperation  - Added Successfully!!!
[main] INFO  in.codegram.jdbcPractice.InsertOperation  - Added Successfully!!!
[main] INFO  in.codegram.jdbcPractice.InsertOperation  - Added Successfully!!!
[main] INFO  in.codegram.jdbcPractice.InsertOperation1  - Added Successfully!!
[main] INFO  in.codegram.jdbcPractice.InsertOperation2  - Added Succesfully!!!
[main] INFO  in.codegram.jdbcPractice.updateOperation  - Record Updated Succesfully!!!
[main] INFO  in.codegram.jdbcPractice.updateOperation  - Record Updated Succesfully!!!
[main] INFO  in.codegram.jdbcPractice.updateOperation2  - Records update Successfully!!!
[main] INFO  in.codegram.jdbcPractice.updateOperation2  - Records update Successfully!!!
[main] INFO  in.codegram.jdbcPractice.updateOperation2  - Records update Successfully!!!
[main] INFO  in.codegram.jdbcPractice.updateOperation2  - Record updated Successfully!!!
[main] INFO  in.codegram.jdbcPractice.updateOperation2  - Record updated Successfully!!!
[main] INFO  in.codegram.jdbcPractice.updateOperation2  - Record updated Successfully!!!
[main] INFO  in.codegram.jdbcPractice.updateOperation2  - Record updated Successfully!!!
[main] INFO  in.codegram.jdbcPractice.deleteOperation  - Record deleted successfully!!!
[main] INFO  in.codegram.jdbcPractice.deleteOperation  - Record deleted successfully!!!
[main] INFO  in.codegram.jdbcPractice.deleteOperation2  - Record ddeleted successfully!!!
[main] INFO  in.codegram.jdbcPractice.ReadOperation2  - Sanket jagtap 1233454
[main] INFO  in.codegram.jdbcPractice.ReadOperation2  - Ashish 123652412
[main] INFO  in.codegram.jdbcPractice.ReadOperation2  - Jordan Messi 33333333
[main] INFO  in.codegram.jdbcPractice.ReadOperation2  - Prem Verma 928984756
[main] INFO  in.codegram.jdbcPractice.ReadOperation2  - Steve Job 1919191
[main] INFO  in.codegram.jdbcPractice.ReadOperation2  - Mark 985767464
